This is pdfTeX, Version 3.141592653-2.6-1.40.22 (TeX Live 2021/W32TeX) (preloaded format=pdflatex 2021.6.17)  30 JUN 2021 14:10
entering extended mode
 restricted \write18 enabled.
 %&-line parsing enabled.
**WattKrug.tex
(./WattKrug.tex
LaTeX2e <2021-06-01> patch level 1
L3 programming layer <2021-06-01> (./elsarticle.cls
Document Class: elsarticle 2008/05/22, 1.0.1: Elsevier Science
\@bls=\dimen138
(c:/Users/Andy/AppData/Roaming/TinyTeX/texmf-dist/tex/latex/base/article.cls
Document Class: article 2021/02/12 v1.4n Standard LaTeX document class
(c:/Users/Andy/AppData/Roaming/TinyTeX/texmf-dist/tex/latex/base/size10.clo
File: size10.clo 2021/02/12 v1.4n Standard LaTeX file (size option)
)
\c@part=\count182
\c@section=\count183
\c@subsection=\count184
\c@subsubsection=\count185
\c@paragraph=\count186
\c@subparagraph=\count187
\c@figure=\count188
\c@table=\count189
\abovecaptionskip=\skip47
\belowcaptionskip=\skip48
\bibindent=\dimen139
)
(c:/Users/Andy/AppData/Roaming/TinyTeX/texmf-dist/tex/latex/graphics/graphicx.s
ty
Package: graphicx 2020/12/05 v1.2c Enhanced LaTeX Graphics (DPC,SPQR)

(c:/Users/Andy/AppData/Roaming/TinyTeX/texmf-dist/tex/latex/graphics/keyval.sty
Package: keyval 2014/10/28 v1.15 key=value parser (DPC)
\KV@toks@=\toks16
)
(c:/Users/Andy/AppData/Roaming/TinyTeX/texmf-dist/tex/latex/graphics/graphics.s
ty
Package: graphics 2021/03/04 v1.4d Standard LaTeX Graphics (DPC,SPQR)
(c:/Users/Andy/AppData/Roaming/TinyTeX/texmf-dist/tex/latex/graphics/trig.sty
Package: trig 2016/01/03 v1.10 sin cos tan (DPC)
)
(c:/Users/Andy/AppData/Roaming/TinyTeX/texmf-dist/tex/latex/graphics-cfg/graphi
cs.cfg
File: graphics.cfg 2016/06/04 v1.11 sample graphics configuration
)
Package graphics Info: Driver file: pdftex.def on input line 107.

(c:/Users/Andy/AppData/Roaming/TinyTeX/texmf-dist/tex/latex/graphics-def/pdftex
.def
File: pdftex.def 2020/10/05 v1.2a Graphics/color driver for pdftex
))
\Gin@req@height=\dimen140
\Gin@req@width=\dimen141
) (c:/Users/Andy/AppData/Roaming/TinyTeX/texmf-dist/tex/latex/psnfss/pifont.sty
Package: pifont 2020/03/25 PSNFSS-v9.3 Pi font support (SPQR) 
LaTeX Font Info:    Trying to load font information for U+pzd on input line 63.

(c:/Users/Andy/AppData/Roaming/TinyTeX/texmf-dist/tex/latex/psnfss/upzd.fd
File: upzd.fd 2001/06/04 font definitions for U/pzd.
)
LaTeX Font Info:    Trying to load font information for U+psy on input line 64.

(c:/Users/Andy/AppData/Roaming/TinyTeX/texmf-dist/tex/latex/psnfss/upsy.fd
File: upsy.fd 2001/06/04 font definitions for U/psy.
))
\c@tnote=\count190
\c@fnote=\count191
\c@cnote=\count192
\c@ead=\count193
\c@author=\count194
\@eadauthor=\toks17
\c@affn=\count195
\absbox=\box50
\keybox=\box51
\Columnwidth=\dimen142
\space@left=\dimen143
\els@boxa=\box52
\els@boxb=\box53
\leftMargin=\dimen144
\@enLab=\toks18
\@sep=\skip49
\@@sep=\skip50
(./WattKrug.spl) (c:/Users/Andy/AppData/Roaming/TinyTeX/texmf-dist/tex/latex/na
tbib/natbib.sty
Package: natbib 2010/09/13 8.31b (PWD, AO)
\bibhang=\skip51
\bibsep=\skip52
LaTeX Info: Redefining \cite on input line 694.
\c@NAT@ctr=\count196
)
\splwrite=\write3
\openout3 = `WattKrug.spl'.

) (c:/Users/Andy/AppData/Roaming/TinyTeX/texmf-dist/tex/latex/url/url.sty
\Urlmuskip=\muskip16
Package: url 2013/09/16  ver 3.4  Verb mode for urls, etc.
) (c:/Users/Andy/AppData/Roaming/TinyTeX/texmf-dist/tex/latex/lineno/lineno.sty
Package: lineno 2005/11/02 line numbers on paragraphs v4.41
\linenopenalty=\count197
\output=\toks19
\linenoprevgraf=\count198
\linenumbersep=\dimen145
\linenumberwidth=\dimen146
\c@linenumber=\count199
\c@pagewiselinenumber=\count266
\c@LN@truepage=\count267
\c@internallinenumber=\count268
\c@internallinenumbers=\count269
\quotelinenumbersep=\dimen147
\bframerule=\dimen148
\bframesep=\dimen149
\bframebox=\box54
LaTeX Info: Redefining \\ on input line 3056.
)
(c:/Users/Andy/AppData/Roaming/TinyTeX/texmf-dist/tex/latex/booktabs/booktabs.s
ty
Package: booktabs 2020/01/12 v1.61803398 Publication quality tables
\heavyrulewidth=\dimen150
\lightrulewidth=\dimen151
\cmidrulewidth=\dimen152
\belowrulesep=\dimen153
\belowbottomsep=\dimen154
\aboverulesep=\dimen155
\abovetopsep=\dimen156
\cmidrulesep=\dimen157
\cmidrulekern=\dimen158
\defaultaddspace=\dimen159
\@cmidla=\count270
\@cmidlb=\count271
\@aboverulesep=\dimen160
\@belowrulesep=\dimen161
\@thisruleclass=\count272
\@lastruleclass=\count273
\@thisrulewidth=\dimen162
) (c:/Users/Andy/AppData/Roaming/TinyTeX/texmf-dist/tex/latex/base/fontenc.sty
Package: fontenc 2021/04/29 v2.0v Standard LaTeX package
) (c:/Users/Andy/AppData/Roaming/TinyTeX/texmf-dist/tex/latex/lm/lmodern.sty
Package: lmodern 2015/05/01 v1.6.1 Latin Modern Fonts
LaTeX Font Info:    Overwriting symbol font `operators' in version `normal'
(Font)                  OT1/cmr/m/n --> OT1/lmr/m/n on input line 22.
LaTeX Font Info:    Overwriting symbol font `letters' in version `normal'
(Font)                  OML/cmm/m/it --> OML/lmm/m/it on input line 23.
LaTeX Font Info:    Overwriting symbol font `symbols' in version `normal'
(Font)                  OMS/cmsy/m/n --> OMS/lmsy/m/n on input line 24.
LaTeX Font Info:    Overwriting symbol font `largesymbols' in version `normal'
(Font)                  OMX/cmex/m/n --> OMX/lmex/m/n on input line 25.
LaTeX Font Info:    Overwriting symbol font `operators' in version `bold'
(Font)                  OT1/cmr/bx/n --> OT1/lmr/bx/n on input line 26.
LaTeX Font Info:    Overwriting symbol font `letters' in version `bold'
(Font)                  OML/cmm/b/it --> OML/lmm/b/it on input line 27.
LaTeX Font Info:    Overwriting symbol font `symbols' in version `bold'
(Font)                  OMS/cmsy/b/n --> OMS/lmsy/b/n on input line 28.
LaTeX Font Info:    Overwriting symbol font `largesymbols' in version `bold'
(Font)                  OMX/cmex/m/n --> OMX/lmex/m/n on input line 29.
LaTeX Font Info:    Overwriting math alphabet `\mathbf' in version `normal'
(Font)                  OT1/cmr/bx/n --> OT1/lmr/bx/n on input line 31.
LaTeX Font Info:    Overwriting math alphabet `\mathsf' in version `normal'
(Font)                  OT1/cmss/m/n --> OT1/lmss/m/n on input line 32.
LaTeX Font Info:    Overwriting math alphabet `\mathit' in version `normal'
(Font)                  OT1/cmr/m/it --> OT1/lmr/m/it on input line 33.
LaTeX Font Info:    Overwriting math alphabet `\mathtt' in version `normal'
(Font)                  OT1/cmtt/m/n --> OT1/lmtt/m/n on input line 34.
LaTeX Font Info:    Overwriting math alphabet `\mathbf' in version `bold'
(Font)                  OT1/cmr/bx/n --> OT1/lmr/bx/n on input line 35.
LaTeX Font Info:    Overwriting math alphabet `\mathsf' in version `bold'
(Font)                  OT1/cmss/bx/n --> OT1/lmss/bx/n on input line 36.
LaTeX Font Info:    Overwriting math alphabet `\mathit' in version `bold'
(Font)                  OT1/cmr/bx/it --> OT1/lmr/bx/it on input line 37.
LaTeX Font Info:    Overwriting math alphabet `\mathtt' in version `bold'
(Font)                  OT1/cmtt/m/n --> OT1/lmtt/m/n on input line 38.
)
(c:/Users/Andy/AppData/Roaming/TinyTeX/texmf-dist/tex/latex/amsfonts/amssymb.st
y
Package: amssymb 2013/01/14 v3.01 AMS font symbols

(c:/Users/Andy/AppData/Roaming/TinyTeX/texmf-dist/tex/latex/amsfonts/amsfonts.s
ty
Package: amsfonts 2013/01/14 v3.01 Basic AMSFonts support
\@emptytoks=\toks20
\symAMSa=\mathgroup4
\symAMSb=\mathgroup5
LaTeX Font Info:    Redeclaring math symbol \hbar on input line 98.
LaTeX Font Info:    Overwriting math alphabet `\mathfrak' in version `bold'
(Font)                  U/euf/m/n --> U/euf/b/n on input line 106.
))
(c:/Users/Andy/AppData/Roaming/TinyTeX/texmf-dist/tex/latex/amsmath/amsmath.sty
Package: amsmath 2021/04/20 v2.17j AMS math features
\@mathmargin=\skip53
For additional information on amsmath, use the `?' option.

(c:/Users/Andy/AppData/Roaming/TinyTeX/texmf-dist/tex/latex/amsmath/amstext.sty
Package: amstext 2000/06/29 v2.01 AMS text
(c:/Users/Andy/AppData/Roaming/TinyTeX/texmf-dist/tex/latex/amsmath/amsgen.sty
File: amsgen.sty 1999/11/30 v2.0 generic functions
\@emptytoks=\toks21
\ex@=\dimen163
)) (c:/Users/Andy/AppData/Roaming/TinyTeX/texmf-dist/tex/latex/amsmath/amsbsy.s
ty
Package: amsbsy 1999/11/29 v1.2d Bold Symbols
\pmbraise@=\dimen164
) (c:/Users/Andy/AppData/Roaming/TinyTeX/texmf-dist/tex/latex/amsmath/amsopn.st
y
Package: amsopn 2016/03/08 v2.02 operator names
)
\inf@bad=\count274
LaTeX Info: Redefining \frac on input line 234.
\uproot@=\count275
\leftroot@=\count276
LaTeX Info: Redefining \overline on input line 399.
\classnum@=\count277
\DOTSCASE@=\count278
LaTeX Info: Redefining \ldots on input line 496.
LaTeX Info: Redefining \dots on input line 499.
LaTeX Info: Redefining \cdots on input line 620.
\Mathstrutbox@=\box55
\strutbox@=\box56
\big@size=\dimen165
LaTeX Font Info:    Redeclaring font encoding OML on input line 743.
LaTeX Font Info:    Redeclaring font encoding OMS on input line 744.
\macc@depth=\count279
\c@MaxMatrixCols=\count280
\dotsspace@=\muskip17
\c@parentequation=\count281
\dspbrk@lvl=\count282
\tag@help=\toks22
\row@=\count283
\column@=\count284
\maxfields@=\count285
\andhelp@=\toks23
\eqnshift@=\dimen166
\alignsep@=\dimen167
\tagshift@=\dimen168
\tagwidth@=\dimen169
\totwidth@=\dimen170
\lineht@=\dimen171
\@envbody=\toks24
\multlinegap=\skip54
\multlinetaggap=\skip55
\mathdisplay@stack=\toks25
LaTeX Info: Redefining \[ on input line 2923.
LaTeX Info: Redefining \] on input line 2924.
)
(c:/Users/Andy/AppData/Roaming/TinyTeX/texmf-dist/tex/generic/iftex/ifxetex.sty
Package: ifxetex 2019/10/25 v0.7 ifxetex legacy package. Use iftex instead.
(c:/Users/Andy/AppData/Roaming/TinyTeX/texmf-dist/tex/generic/iftex/iftex.sty
Package: iftex 2020/03/06 v1.0d TeX engine tests
))
(c:/Users/Andy/AppData/Roaming/TinyTeX/texmf-dist/tex/generic/iftex/ifluatex.st
y
Package: ifluatex 2019/10/25 v1.5 ifluatex legacy package. Use iftex instead.
) (c:/Users/Andy/AppData/Roaming/TinyTeX/texmf-dist/tex/latex/base/fixltx2e.sty
Package: fixltx2e 2016/12/29 v2.1a fixes to LaTeX (obsolete)
Applying: [2015/01/01] Old fixltx2e package on input line 46.

Package fixltx2e Warning: fixltx2e is not required with releases after 2015
(fixltx2e)                All fixes are now in the LaTeX kernel.
(fixltx2e)                See the latexrelease package for details.

Already applied: [0000/00/00] Old fixltx2e package on input line 53.
)
(c:/Users/Andy/AppData/Roaming/TinyTeX/texmf-dist/tex/latex/upquote/upquote.sty
Package: upquote 2012/04/19 v1.3 upright-quote and grave-accent glyphs in verba
tim
(c:/Users/Andy/AppData/Roaming/TinyTeX/texmf-dist/tex/latex/base/textcomp.sty
Package: textcomp 2020/02/02 v2.0n Standard LaTeX package
)) (c:/Users/Andy/AppData/Roaming/TinyTeX/texmf-dist/tex/latex/base/inputenc.st
y
Package: inputenc 2021/02/14 v1.3d Input encoding file
\inpenc@prehook=\toks26
\inpenc@posthook=\toks27
)
(c:/Users/Andy/AppData/Roaming/TinyTeX/texmf-dist/tex/latex/geometry/geometry.s
ty
Package: geometry 2020/01/02 v5.9 Page Geometry
(c:/Users/Andy/AppData/Roaming/TinyTeX/texmf-dist/tex/generic/iftex/ifvtex.sty
Package: ifvtex 2019/10/25 v1.7 ifvtex legacy package. Use iftex instead.
)
\Gm@cnth=\count286
\Gm@cntv=\count287
\c@Gm@tempcnt=\count288
\Gm@bindingoffset=\dimen172
\Gm@wd@mp=\dimen173
\Gm@odd@mp=\dimen174
\Gm@even@mp=\dimen175
\Gm@layoutwidth=\dimen176
\Gm@layoutheight=\dimen177
\Gm@layouthoffset=\dimen178
\Gm@layoutvoffset=\dimen179
\Gm@dimlist=\toks28
) (c:/Users/Andy/AppData/Roaming/TinyTeX/texmf-dist/tex/latex/graphics/color.st
y
Package: color 2020/02/24 v1.2b Standard LaTeX Color (DPC)

(c:/Users/Andy/AppData/Roaming/TinyTeX/texmf-dist/tex/latex/graphics-cfg/color.
cfg
File: color.cfg 2016/01/02 v1.6 sample color configuration
)
Package color Info: Driver file: pdftex.def on input line 149.
)
(c:/Users/Andy/AppData/Roaming/TinyTeX/texmf-dist/tex/latex/fancyvrb/fancyvrb.s
ty
Package: fancyvrb 2021/01/20 v3.7 verbatim text (tvz,hv)
\FV@CodeLineNo=\count289
\FV@InFile=\read2
\FV@TabBox=\box57
\c@FancyVerbLine=\count290
\FV@StepNumber=\count291
\FV@OutFile=\write4
) (c:/Users/Andy/AppData/Roaming/TinyTeX/texmf-dist/tex/latex/framed/framed.sty
Package: framed 2011/10/22 v 0.96: framed or shaded text with page breaks
\OuterFrameSep=\skip56
\fb@frw=\dimen180
\fb@frh=\dimen181
\FrameRule=\dimen182
\FrameSep=\dimen183
)
(c:/Users/Andy/AppData/Roaming/TinyTeX/texmf-dist/tex/latex/hyperref/hyperref.s
ty
Package: hyperref 2021-06-07 v7.00m Hypertext links for LaTeX

(c:/Users/Andy/AppData/Roaming/TinyTeX/texmf-dist/tex/generic/ltxcmds/ltxcmds.s
ty
Package: ltxcmds 2020-05-10 v1.25 LaTeX kernel commands for general use (HO)
)
(c:/Users/Andy/AppData/Roaming/TinyTeX/texmf-dist/tex/generic/pdftexcmds/pdftex
cmds.sty
Package: pdftexcmds 2020-06-27 v0.33 Utility functions of pdfTeX for LuaTeX (HO
)

(c:/Users/Andy/AppData/Roaming/TinyTeX/texmf-dist/tex/generic/infwarerr/infware
rr.sty
Package: infwarerr 2019/12/03 v1.5 Providing info/warning/error messages (HO)
)
Package pdftexcmds Info: \pdf@primitive is available.
Package pdftexcmds Info: \pdf@ifprimitive is available.
Package pdftexcmds Info: \pdfdraftmode found.
)
(c:/Users/Andy/AppData/Roaming/TinyTeX/texmf-dist/tex/generic/kvsetkeys/kvsetke
ys.sty
Package: kvsetkeys 2019/12/15 v1.18 Key value parser (HO)
)
(c:/Users/Andy/AppData/Roaming/TinyTeX/texmf-dist/tex/generic/kvdefinekeys/kvde
finekeys.sty
Package: kvdefinekeys 2019-12-19 v1.6 Define keys (HO)
)
(c:/Users/Andy/AppData/Roaming/TinyTeX/texmf-dist/tex/generic/pdfescape/pdfesca
pe.sty
Package: pdfescape 2019/12/09 v1.15 Implements pdfTeX's escape features (HO)
)
(c:/Users/Andy/AppData/Roaming/TinyTeX/texmf-dist/tex/latex/hycolor/hycolor.sty
Package: hycolor 2020-01-27 v1.10 Color options for hyperref/bookmark (HO)
)
(c:/Users/Andy/AppData/Roaming/TinyTeX/texmf-dist/tex/latex/letltxmacro/letltxm
acro.sty
Package: letltxmacro 2019/12/03 v1.6 Let assignment for LaTeX macros (HO)
)
(c:/Users/Andy/AppData/Roaming/TinyTeX/texmf-dist/tex/latex/auxhook/auxhook.sty
Package: auxhook 2019-12-17 v1.6 Hooks for auxiliary files (HO)
)
(c:/Users/Andy/AppData/Roaming/TinyTeX/texmf-dist/tex/latex/kvoptions/kvoptions
.sty
Package: kvoptions 2020-10-07 v3.14 Key value format for package options (HO)
)
\@linkdim=\dimen184
\Hy@linkcounter=\count292
\Hy@pagecounter=\count293

(c:/Users/Andy/AppData/Roaming/TinyTeX/texmf-dist/tex/latex/hyperref/pd1enc.def
File: pd1enc.def 2021-06-07 v7.00m Hyperref: PDFDocEncoding definition (HO)
Now handling font encoding PD1 ...
... no UTF-8 mapping file for font encoding PD1
)
(c:/Users/Andy/AppData/Roaming/TinyTeX/texmf-dist/tex/latex/hyperref/hyperref-l
angpatches.def
File: hyperref-langpatches.def 2021-06-07 v7.00m Hyperref: patches for babel la
nguages
)
(c:/Users/Andy/AppData/Roaming/TinyTeX/texmf-dist/tex/generic/intcalc/intcalc.s
ty
Package: intcalc 2019/12/15 v1.3 Expandable calculations with integers (HO)
)
(c:/Users/Andy/AppData/Roaming/TinyTeX/texmf-dist/tex/generic/etexcmds/etexcmds
.sty
Package: etexcmds 2019/12/15 v1.7 Avoid name clashes with e-TeX commands (HO)
)
\Hy@SavedSpaceFactor=\count294
(c:/Users/Andy/AppData/Roaming/TinyTeX/texmf-dist/tex/latex/hyperref/puenc.def
File: puenc.def 2021-06-07 v7.00m Hyperref: PDF Unicode definition (HO)
Now handling font encoding PU ...
... no UTF-8 mapping file for font encoding PU
)
Package hyperref Info: Option `unicode' set `true' on input line 4073.
Package hyperref Info: Hyper figures OFF on input line 4192.
Package hyperref Info: Link nesting OFF on input line 4197.
Package hyperref Info: Hyper index ON on input line 4200.
Package hyperref Info: Plain pages OFF on input line 4207.
Package hyperref Info: Backreferencing OFF on input line 4212.
Package hyperref Info: Implicit mode ON; LaTeX internals redefined.
Package hyperref Info: Bookmarks ON on input line 4445.
\c@Hy@tempcnt=\count295
LaTeX Info: Redefining \url on input line 4804.
\XeTeXLinkMargin=\dimen185

(c:/Users/Andy/AppData/Roaming/TinyTeX/texmf-dist/tex/generic/bitset/bitset.sty
Package: bitset 2019/12/09 v1.3 Handle bit-vector datatype (HO)

(c:/Users/Andy/AppData/Roaming/TinyTeX/texmf-dist/tex/generic/bigintcalc/bigint
calc.sty
Package: bigintcalc 2019/12/15 v1.5 Expandable calculations on big integers (HO
)
))
\Fld@menulength=\count296
\Field@Width=\dimen186
\Fld@charsize=\dimen187
Package hyperref Info: Hyper figures OFF on input line 6076.
Package hyperref Info: Link nesting OFF on input line 6081.
Package hyperref Info: Hyper index ON on input line 6084.
Package hyperref Info: backreferencing OFF on input line 6091.
Package hyperref Info: Link coloring OFF on input line 6096.
Package hyperref Info: Link coloring with OCG OFF on input line 6101.
Package hyperref Info: PDF/A mode OFF on input line 6106.
LaTeX Info: Redefining \ref on input line 6146.
LaTeX Info: Redefining \pageref on input line 6150.

(c:/Users/Andy/AppData/Roaming/TinyTeX/texmf-dist/tex/latex/base/atbegshi-ltx.s
ty
Package: atbegshi-ltx 2021/01/10 v1.0c Emulation of the original atbegshi
package with kernel methods
)
\Hy@abspage=\count297
\c@Item=\count298
\c@Hfootnote=\count299
)
Package hyperref Info: Driver (autodetected): hpdftex.

(c:/Users/Andy/AppData/Roaming/TinyTeX/texmf-dist/tex/latex/hyperref/hpdftex.de
f
File: hpdftex.def 2021-06-07 v7.00m Hyperref driver for pdfTeX

(c:/Users/Andy/AppData/Roaming/TinyTeX/texmf-dist/tex/latex/base/atveryend-ltx.
sty
Package: atveryend-ltx 2020/08/19 v1.0a Emulation of the original atvery packag
e
with kernel methods
)
\Fld@listcount=\count300
\c@bookmark@seq@number=\count301

(c:/Users/Andy/AppData/Roaming/TinyTeX/texmf-dist/tex/latex/rerunfilecheck/reru
nfilecheck.sty
Package: rerunfilecheck 2019/12/05 v1.9 Rerun checks for auxiliary files (HO)

(c:/Users/Andy/AppData/Roaming/TinyTeX/texmf-dist/tex/generic/uniquecounter/uni
quecounter.sty
Package: uniquecounter 2019/12/15 v1.4 Provide unlimited unique counter (HO)
)
Package uniquecounter Info: New unique counter `rerunfilecheck' on input line 2
86.
)
\Hy@SectionHShift=\skip57
)
Package hyperref Info: Option `breaklinks' set `true' on input line 92.

Package hyperref Warning: Option `bookmarks' has already been used,
(hyperref)                setting the option has no effect on input line 92.

Package hyperref Info: Option `colorlinks' set `false' on input line 92.

(c:/Users/Andy/AppData/Roaming/TinyTeX/texmf-dist/tex/latex/pdflscape/pdflscape
.sty
Package: pdflscape 2019/12/05 v0.12 Display of landscape pages in PDF (HO)

(c:/Users/Andy/AppData/Roaming/TinyTeX/texmf-dist/tex/latex/graphics/lscape.sty
Package: lscape 2020/05/28 v3.02 Landscape Pages (DPC)
)
Package pdflscape Info: Auto-detected driver: pdftex on input line 81.
) (c:/Users/Andy/AppData/Roaming/TinyTeX/texmf-dist/tex/latex/float/float.sty
Package: float 2001/11/08 v1.3d Float enhancements (AL)
\c@float@type=\count302
\float@exts=\toks29
\float@box=\box58
\@float@everytoks=\toks30
\@floatcapt=\box59
)
(c:/Users/Andy/AppData/Roaming/TinyTeX/texmf-dist/tex/latex/tools/longtable.sty
Package: longtable 2021-05-07 v4.16 Multi-page Table package (DPC)
\LTleft=\skip58
\LTright=\skip59
\LTpre=\skip60
\LTpost=\skip61
\LTchunksize=\count303
\LTcapwidth=\dimen188
\LT@head=\box60
\LT@firsthead=\box61
\LT@foot=\box62
\LT@lastfoot=\box63
\LT@gbox=\box64
\LT@cols=\count304
\LT@rows=\count305
\c@LT@tables=\count306
\c@LT@chunks=\count307
\LT@p@ftn=\toks31
) (c:/Users/Andy/AppData/Roaming/TinyTeX/texmf-dist/tex/latex/tools/array.sty
Package: array 2021/04/20 v2.5e Tabular extension package (FMi)
\col@sep=\dimen189
\ar@mcellbox=\box65
\extrarowheight=\dimen190
\NC@list=\toks32
\extratabsurround=\skip62
\backup@length=\skip63
\ar@cellbox=\box66
)
(c:/Users/Andy/AppData/Roaming/TinyTeX/texmf-dist/tex/latex/multirow/multirow.s
ty
Package: multirow 2021/03/15 v2.8 Span multiple rows of a table
\multirow@colwidth=\skip64
\multirow@cntb=\count308
\multirow@dima=\skip65
\bigstrutjot=\dimen191
)
(c:/Users/Andy/AppData/Roaming/TinyTeX/texmf-dist/tex/latex/wrapfig/wrapfig.sty
\wrapoverhang=\dimen192
\WF@size=\dimen193
\c@WF@wrappedlines=\count309
\WF@box=\box67
\WF@everypar=\toks33
Package: wrapfig 2003/01/31  v 3.6
)
(c:/Users/Andy/AppData/Roaming/TinyTeX/texmf-dist/tex/latex/colortbl/colortbl.s
ty
Package: colortbl 2020/01/04 v1.0e Color table columns (DPC)
\everycr=\toks34
\minrowclearance=\skip66
) (c:/Users/Andy/AppData/Roaming/TinyTeX/texmf-dist/tex/latex/tabu/tabu.sty
Package: tabu 2019/01/11 v2.9 - flexible LaTeX tabulars (FC+tabu-fixed)

(c:/Users/Andy/AppData/Roaming/TinyTeX/texmf-dist/tex/latex/varwidth/varwidth.s
ty
Package: varwidth 2009/03/30 ver 0.92;  Variable-width minipages
\@vwid@box=\box68
\sift@deathcycles=\count310
\@vwid@loff=\dimen194
\@vwid@roff=\dimen195
)
\c@taburow=\count311
\tabu@nbcols=\count312
\tabu@cnt=\count313
\tabu@Xcol=\count314
\tabu@alloc=\count315
\tabu@nested=\count316
\tabu@target=\dimen196
\tabu@spreadtarget=\dimen197
\tabu@naturalX=\dimen198
\tabucolX=\dimen199
\tabu@Xsum=\dimen256
\extrarowdepth=\dimen257
\abovetabulinesep=\dimen258
\belowtabulinesep=\dimen259
\tabustrutrule=\dimen260
\tabu@thebody=\toks35
\tabu@footnotes=\toks36
\tabu@box=\box69
\tabu@arstrutbox=\box70
\tabu@hleads=\box71
\tabu@vleads=\box72
\tabu@cellskip=\skip67
)
(c:/Users/Andy/AppData/Roaming/TinyTeX/texmf-dist/tex/latex/threeparttable/thre
eparttable.sty
Package: threeparttable 2003/06/13  v 3.0
\@tempboxb=\box73
)
(c:/Users/Andy/AppData/Roaming/TinyTeX/texmf-dist/tex/latex/threeparttablex/thr
eeparttablex.sty
Package: threeparttablex 2013/07/23 v0.3 by daleif

(c:/Users/Andy/AppData/Roaming/TinyTeX/texmf-dist/tex/latex/environ/environ.sty
Package: environ 2014/05/04 v0.3 A new way to define environments

(c:/Users/Andy/AppData/Roaming/TinyTeX/texmf-dist/tex/latex/trimspaces/trimspac
es.sty
Package: trimspaces 2009/09/17 v1.1 Trim spaces around a token list
))
\TPTL@width=\skip68
) (c:/Users/Andy/AppData/Roaming/TinyTeX/texmf-dist/tex/generic/ulem/ulem.sty
\UL@box=\box74
\UL@hyphenbox=\box75
\UL@skip=\skip69
\UL@hook=\toks37
\UL@height=\dimen261
\UL@pe=\count317
\UL@pixel=\dimen262
\ULC@box=\box76
Package: ulem 2019/11/18
\ULdepth=\dimen263
)
(c:/Users/Andy/AppData/Roaming/TinyTeX/texmf-dist/tex/latex/makecell/makecell.s
ty
Package: makecell 2009/08/03 V0.1e Managing of Tab Column Heads and Cells
\rotheadsize=\dimen264
\c@nlinenum=\count318
\TeXr@lab=\toks38
) (c:/Users/Andy/AppData/Roaming/TinyTeX/texmf-dist/tex/latex/xcolor/xcolor.sty
Package: xcolor 2016/05/11 v2.12 LaTeX color extensions (UK)

(c:/Users/Andy/AppData/Roaming/TinyTeX/texmf-dist/tex/latex/graphics-cfg/color.
cfg
File: color.cfg 2016/01/02 v1.6 sample color configuration
)
Package xcolor Info: Driver file: pdftex.def on input line 225.
LaTeX Info: Redefining \color on input line 709.
Package xcolor Info: Model `cmy' substituted by `cmy0' on input line 1348.
Package xcolor Info: Model `hsb' substituted by `rgb' on input line 1352.
Package xcolor Info: Model `RGB' extended on input line 1364.
Package xcolor Info: Model `HTML' substituted by `rgb' on input line 1366.
Package xcolor Info: Model `Hsb' substituted by `hsb' on input line 1367.
Package xcolor Info: Model `tHsb' substituted by `hsb' on input line 1368.
Package xcolor Info: Model `HSB' substituted by `hsb' on input line 1369.
Package xcolor Info: Model `Gray' substituted by `gray' on input line 1370.
Package xcolor Info: Model `wave' substituted by `hsb' on input line 1371.
)
LaTeX Font Info:    Trying to load font information for T1+lmr on input line 12
4.
(c:/Users/Andy/AppData/Roaming/TinyTeX/texmf-dist/tex/latex/lm/t1lmr.fd
File: t1lmr.fd 2015/05/01 v1.6.1 Font defs for Latin Modern
)
(c:/Users/Andy/AppData/Roaming/TinyTeX/texmf-dist/tex/latex/l3backend/l3backend
-pdftex.def
File: l3backend-pdftex.def 2021-05-07 L3 backend support: PDF output (pdfTeX)
\l__color_backend_stack_int=\count319
\l__pdf_internal_box=\box77
) (./WattKrug.aux)
\openout1 = `WattKrug.aux'.

LaTeX Font Info:    Checking defaults for OML/cmm/m/it on input line 124.
LaTeX Font Info:    ... okay on input line 124.
LaTeX Font Info:    Checking defaults for OMS/cmsy/m/n on input line 124.
LaTeX Font Info:    ... okay on input line 124.
LaTeX Font Info:    Checking defaults for OT1/cmr/m/n on input line 124.
LaTeX Font Info:    ... okay on input line 124.
LaTeX Font Info:    Checking defaults for T1/cmr/m/n on input line 124.
LaTeX Font Info:    ... okay on input line 124.
LaTeX Font Info:    Checking defaults for TS1/cmr/m/n on input line 124.
LaTeX Font Info:    ... okay on input line 124.
LaTeX Font Info:    Checking defaults for OMX/cmex/m/n on input line 124.
LaTeX Font Info:    ... okay on input line 124.
LaTeX Font Info:    Checking defaults for U/cmr/m/n on input line 124.
LaTeX Font Info:    ... okay on input line 124.
LaTeX Font Info:    Checking defaults for PD1/pdf/m/n on input line 124.
LaTeX Font Info:    ... okay on input line 124.
LaTeX Font Info:    Checking defaults for PU/pdf/m/n on input line 124.
LaTeX Font Info:    ... okay on input line 124.

(c:/Users/Andy/AppData/Roaming/TinyTeX/texmf-dist/tex/latex/epstopdf-pkg/epstop
df-base.sty
Package: epstopdf-base 2020-01-24 v2.11 Base part for package epstopdf
Package epstopdf-base Info: Redefining graphics rule for `.eps' on input line 4
85.

(c:/Users/Andy/AppData/Roaming/TinyTeX/texmf-dist/tex/latex/latexconfig/epstopd
f-sys.cfg
File: epstopdf-sys.cfg 2010/07/13 v1.3 Configuration of (r)epstopdf for TeX Liv
e
))
*geometry* driver: auto-detecting
*geometry* detected driver: pdftex
*geometry* verbose mode - [ preamble ] result:
* driver: pdftex
* paper: <default>
* layout: <same size as paper>
* layoutoffset:(h,v)=(0.0pt,0.0pt)
* modes: 
* h-part:(L,W,R)=(85.35826pt, 443.57848pt, 85.35826pt)
* v-part:(T,H,B)=(85.35826pt, 624.25346pt, 85.35826pt)
* \paperwidth=614.295pt
* \paperheight=794.96999pt
* \textwidth=443.57848pt
* \textheight=624.25346pt
* \oddsidemargin=13.08827pt
* \evensidemargin=13.08827pt
* \topmargin=-23.91173pt
* \headheight=12.0pt
* \headsep=25.0pt
* \topskip=10.0pt
* \footskip=30.0pt
* \marginparwidth=65.0pt
* \marginparsep=11.0pt
* \columnsep=10.0pt
* \skip\footins=24.0pt
* \hoffset=0.0pt
* \voffset=0.0pt
* \mag=1000
* \@twocolumnfalse
* \@twosidefalse
* \@mparswitchfalse
* \@reversemarginfalse
* (1in=72.27pt=25.4mm, 1cm=28.453pt)

Package hyperref Info: Link coloring OFF on input line 124.

(c:/Users/Andy/AppData/Roaming/TinyTeX/texmf-dist/tex/latex/hyperref/nameref.st
y
Package: nameref 2021-04-02 v2.47 Cross-referencing by name of section

(c:/Users/Andy/AppData/Roaming/TinyTeX/texmf-dist/tex/latex/refcount/refcount.s
ty
Package: refcount 2019/12/15 v3.6 Data extraction from label references (HO)
)
(c:/Users/Andy/AppData/Roaming/TinyTeX/texmf-dist/tex/generic/gettitlestring/ge
ttitlestring.sty
Package: gettitlestring 2019/12/15 v1.6 Cleanup title references (HO)
)
\c@section@level=\count320
)
LaTeX Info: Redefining \ref on input line 124.
LaTeX Info: Redefining \pageref on input line 124.
LaTeX Info: Redefining \nameref on input line 124.
(./WattKrug.out) (./WattKrug.out)
\@outlinefile=\write5
\openout5 = `WattKrug.out'.

LaTeX Font Info:    Trying to load font information for OT1+lmr on input line 1
82.
(c:/Users/Andy/AppData/Roaming/TinyTeX/texmf-dist/tex/latex/lm/ot1lmr.fd
File: ot1lmr.fd 2015/05/01 v1.6.1 Font defs for Latin Modern
)
LaTeX Font Info:    Trying to load font information for OML+lmm on input line 1
82.
(c:/Users/Andy/AppData/Roaming/TinyTeX/texmf-dist/tex/latex/lm/omllmm.fd
File: omllmm.fd 2015/05/01 v1.6.1 Font defs for Latin Modern
)
LaTeX Font Info:    Trying to load font information for OMS+lmsy on input line 
182.
(c:/Users/Andy/AppData/Roaming/TinyTeX/texmf-dist/tex/latex/lm/omslmsy.fd
File: omslmsy.fd 2015/05/01 v1.6.1 Font defs for Latin Modern
)
LaTeX Font Info:    Trying to load font information for OMX+lmex on input line 
182.
(c:/Users/Andy/AppData/Roaming/TinyTeX/texmf-dist/tex/latex/lm/omxlmex.fd
File: omxlmex.fd 2015/05/01 v1.6.1 Font defs for Latin Modern
)
LaTeX Font Info:    External font `lmex10' loaded for size
(Font)              <8> on input line 182.
LaTeX Font Info:    External font `lmex10' loaded for size
(Font)              <6> on input line 182.
LaTeX Font Info:    External font `lmex10' loaded for size
(Font)              <5> on input line 182.
LaTeX Font Info:    Trying to load font information for U+msa on input line 182
.
(c:/Users/Andy/AppData/Roaming/TinyTeX/texmf-dist/tex/latex/amsfonts/umsa.fd
File: umsa.fd 2013/01/14 v3.01 AMS symbols A
)
LaTeX Font Info:    Trying to load font information for U+msb on input line 182
.
(c:/Users/Andy/AppData/Roaming/TinyTeX/texmf-dist/tex/latex/amsfonts/umsb.fd
File: umsb.fd 2013/01/14 v3.01 AMS symbols B
)
LaTeX Font Info:    Trying to load font information for T1+lmtt on input line 1
82.
(c:/Users/Andy/AppData/Roaming/TinyTeX/texmf-dist/tex/latex/lm/t1lmtt.fd
File: t1lmtt.fd 2015/05/01 v1.6.1 Font defs for Latin Modern
)
LaTeX Font Info:    External font `lmex10' loaded for size
(Font)              <10> on input line 182.
LaTeX Font Info:    External font `lmex10' loaded for size
(Font)              <7> on input line 182.
[1


{c:/Users/Andy/AppData/Roaming/TinyTeX/texmf-var/fonts/map/pdftex/updmap/pdftex
.map}] [2]
Underfull \hbox (badness 10000) in paragraph at lines 362--375

 []

[3]
Underfull \hbox (badness 10000) in paragraph at lines 375--380

 []

[4] [5] [6] [7] [8]
<./Watters EMM figures/Penguin distributions.png, id=123, 381.5856pt x 825.8052
pt>
File: ./Watters EMM figures/Penguin distributions.png Graphic file (type png)
<use ./Watters EMM figures/Penguin distributions.png>
Package pdftex.def Info: ./Watters EMM figures/Penguin distributions.png  used 
on input line 724.
(pdftex.def)             Requested size: 288.32329pt x 624.00206pt.

Overfull \vbox (77.80415pt too high) has occurred while \output is active []

[9pdfTeX warning (ext4): destination with the same identifier (name{figure.1}) 
has been already used, duplicate ignored
<argument> ...shipout:D \box_use:N \l_shipout_box 
                                                  \__shipout_drop_firstpage_...
l.726 
       <./Watters EMM figures/Penguin distributions.png>]
<./Watters EMM figures/Overwinter pengo distributions.png, id=133, 431.6928pt x
 814.7238pt>
File: ./Watters EMM figures/Overwinter pengo distributions.png Graphic file (ty
pe png)
<use ./Watters EMM figures/Overwinter pengo distributions.png>
Package pdftex.def Info: ./Watters EMM figures/Overwinter pengo distributions.p
ng  used on input line 728.
(pdftex.def)             Requested size: 332.68385pt x 627.86139pt.

Overfull \vbox (62.66348pt too high) has occurred while \output is active []

[10pdfTeX warning (ext4): destination with the same identifier (name{figure.2})
 has been already used, duplicate ignored
<argument> ...shipout:D \box_use:N \l_shipout_box 
                                                  \__shipout_drop_firstpage_...
l.730 
       <./Watters EMM figures/Overwinter pengo distributions.png>]
<./Watters EMM figures/Watters original and mistake.png, id=140, 585.6279pt x 7
99.5471pt>
File: ./Watters EMM figures/Watters original and mistake.png Graphic file (type
 png)
<use ./Watters EMM figures/Watters original and mistake.png>
Package pdftex.def Info: ./Watters EMM figures/Watters original and mistake.png
  used on input line 732.
(pdftex.def)             Requested size: 332.68385pt x 454.19717pt.
<./Watters EMM figures/All spp summer then winter 37.png, id=141, 600.3228pt x 
704.3916pt>
File: ./Watters EMM figures/All spp summer then winter 37.png Graphic file (typ
e png)
<use ./Watters EMM figures/All spp summer then winter 37.png>
Package pdftex.def Info: ./Watters EMM figures/All spp summer then winter 37.pn
g  used on input line 737.
(pdftex.def)             Requested size: 443.57848pt x 520.47852pt.

Underfull \hbox (badness 10000) in paragraph at lines 737--738

 []

[11pdfTeX warning (ext4): destination with the same identifier (name{figure.3})
 has been already used, duplicate ignored
<argument> ...shipout:D \box_use:N \l_shipout_box 
                                                  \__shipout_drop_firstpage_...
l.741 
       <./Watters EMM figures/Watters original and mistake.png>]
<WattKrug_files/figure-latex/gapCheck-1.pdf, id=148, 469.755pt x 325.215pt>
File: WattKrug_files/figure-latex/gapCheck-1.pdf Graphic file (type pdf)
<use WattKrug_files/figure-latex/gapCheck-1.pdf>
Package pdftex.def Info: WattKrug_files/figure-latex/gapCheck-1.pdf  used on in
put line 744.
(pdftex.def)             Requested size: 469.75386pt x 325.2142pt.

Overfull \hbox (26.17538pt too wide) in paragraph at lines 744--747
 [][] 
 []

[12pdfTeX warning (ext4): destination with the same identifier (name{figure.4})
 has been already used, duplicate ignored
<argument> ...shipout:D \box_use:N \l_shipout_box 
                                                  \__shipout_drop_firstpage_...
l.749 
       <./Watters EMM figures/All spp summer then winter 37.png>]
<./Watters EMM figures/catch march 481.png, id=155, 468.0687pt x 817.1328pt>
File: ./Watters EMM figures/catch march 481.png Graphic file (type png)
<use ./Watters EMM figures/catch march 481.png>
Package pdftex.def Info: ./Watters EMM figures/catch march 481.png  used on inp
ut line 751.
(pdftex.def)             Requested size: 266.14978pt x 464.63591pt.
[13pdfTeX warning (ext4): destination with the same identifier (name{figure.5})
 has been already used, duplicate ignored
<argument> ...shipout:D \box_use:N \l_shipout_box 
                                                  \__shipout_drop_firstpage_...
l.753 \blandscape
                  <./WattKrug_files/figure-latex/gapCheck-1.pdf>] [14pdfTeX war
ning (ext4): destination with the same identifier (name{figure.6}) has been alr
eady used, duplicate ignored
<argument> ...shipout:D \box_use:N \l_shipout_box 
                                                  \__shipout_drop_firstpage_...
l.753 \blandscape
                  <./Watters EMM figures/catch march 481.png>] [15

] [16


]
<./Watters EMM figures/summer catch/Year by year catch.png, id=185, 809.424pt x
 560.5743pt>
File: ./Watters EMM figures/summer catch/Year by year catch.png Graphic file (t
ype png)
<use ./Watters EMM figures/summer catch/Year by year catch.png>
Package pdftex.def Info: ./Watters EMM figures/summer catch/Year by year catch.
png  used on input line 821.
(pdftex.def)             Requested size: 499.40466pt x 345.8674pt.
pdfTeX warning (ext4): destination with the same identifier (name{figure.1}) ha
s been already used, duplicate ignored
<to be read again> 
                   \relax 
l.821 ...summer catch/Year by year catch} \caption
                                                  {C1 Catch and Effort data ...
pdfTeX warning (ext4): destination with the same identifier (name{figure.1}) ha
s been already used, duplicate ignored
<to be read again> 
                   \relax 
l.821 ...es even this is too coarse a resolution.}
                                                  \label{fig:Supplementary F...
pdfTeX warning (ext4): destination with the same identifier (name{figure.1}) ha
s been already used, duplicate ignored
<to be read again> 
                   \relax 
l.821 ...es even this is too coarse a resolution.}
                                                  \label{fig:Supplementary F...
[17






 <./Watters EMM figures/summer catch/Year by year catch.png>]
<./Watters EMM figures/Other spp distribution.png, id=192, 812.3148pt x 574.787
4pt>
File: ./Watters EMM figures/Other spp distribution.png Graphic file (type png)
<use ./Watters EMM figures/Other spp distribution.png>
Package pdftex.def Info: ./Watters EMM figures/Other spp distribution.png  used
 on input line 826.
(pdftex.def)             Requested size: 443.57848pt x 313.87125pt.

Underfull \hbox (badness 10000) in paragraph at lines 826--827

 []

pdfTeX warning (ext4): destination with the same identifier (name{figure.2}) ha
s been already used, duplicate ignored
<to be read again> 
                   \relax 
l.828 \caption
              {The summer distribution of foraging effort by A) adult female...
pdfTeX warning (ext4): destination with the same identifier (name{figure.2}) ha
s been already used, duplicate ignored
<to be read again> 
                   \relax 
l.828 ...ing the variance in penguin vital rates.}
                                                  \label{fig:Supplementary F...
pdfTeX warning (ext4): destination with the same identifier (name{figure.2}) ha
s been already used, duplicate ignored
<to be read again> 
                   \relax 
l.828 ...ing the variance in penguin vital rates.}
                                                  \label{fig:Supplementary F...
[18

 <./Watters EMM figures/Other spp distribution.png>]

Package xcolor Warning: Incompatible color definition on input line 833.

LaTeX Font Info:    Font shape `T1/lmtt/bx/n' in size <7> not available
(Font)              Font shape `T1/lmtt/b/n' tried instead on input line 837.
LaTeX Font Info:    Trying to load font information for TS1+lmtt on input line 
1055.
(c:/Users/Andy/AppData/Roaming/TinyTeX/texmf-dist/tex/latex/lm/ts1lmtt.fd
File: ts1lmtt.fd 2015/05/01 v1.6.1 Font defs for Latin Modern
)

Package xcolor Warning: Incompatible color definition on input line 1662.


Package xcolor Warning: Incompatible color definition on input line 1662.


Underfull \vbox (badness 10000) detected at line 1662
 []


Overfull \vbox (0.12352pt too high) detected at line 1662
 []


Package xcolor Warning: Incompatible color definition on input line 1662.

[19]

Package xcolor Warning: Incompatible color definition on input line 1662.


Package xcolor Warning: Incompatible color definition on input line 1662.


Underfull \vbox (badness 10000) detected at line 1662
 []


Package xcolor Warning: Incompatible color definition on input line 1662.

[20]

Package xcolor Warning: Incompatible color definition on input line 1662.


Package xcolor Warning: Incompatible color definition on input line 1662.


Underfull \vbox (badness 10000) detected at line 1662
 []


Package xcolor Warning: Incompatible color definition on input line 1662.

[21]

Package xcolor Warning: Incompatible color definition on input line 1662.


Package xcolor Warning: Incompatible color definition on input line 1662.


Underfull \vbox (badness 10000) detected at line 1662
 []


Underfull \vbox (badness 10000) detected at line 1662
 []


Package xcolor Warning: Incompatible color definition on input line 1662.

[22]

Package xcolor Warning: Incompatible color definition on input line 1662.


Package xcolor Warning: Incompatible color definition on input line 1662.


Underfull \vbox (badness 10000) detected at line 1662
 []


Package xcolor Warning: Incompatible color definition on input line 1662.

[23]

Package xcolor Warning: Incompatible color definition on input line 1662.


Package xcolor Warning: Incompatible color definition on input line 1662.


Underfull \vbox (badness 10000) detected at line 1662
 []


Package xcolor Warning: Incompatible color definition on input line 1662.

[24]

Package xcolor Warning: Incompatible color definition on input line 1662.


Package xcolor Warning: Incompatible color definition on input line 1662.


Underfull \vbox (badness 10000) detected at line 1662
 []


Package xcolor Warning: Incompatible color definition on input line 1662.

[25]

Package xcolor Warning: Incompatible color definition on input line 1662.


Package xcolor Warning: Incompatible color definition on input line 1662.


Underfull \vbox (badness 10000) detected at line 1662
 []


Package xcolor Warning: Incompatible color definition on input line 1662.

[26]

Package xcolor Warning: Incompatible color definition on input line 1662.


Package xcolor Warning: Incompatible color definition on input line 1662.


Underfull \vbox (badness 10000) detected at line 1662
 []


Underfull \vbox (badness 10000) detected at line 1662
 []


Package xcolor Warning: Incompatible color definition on input line 1662.

[27]

Package xcolor Warning: Incompatible color definition on input line 1662.


Package xcolor Warning: Incompatible color definition on input line 1662.


Underfull \vbox (badness 10000) detected at line 1662
 []


Package xcolor Warning: Incompatible color definition on input line 1662.

[28]

Package xcolor Warning: Incompatible color definition on input line 1662.


Package xcolor Warning: Incompatible color definition on input line 1662.

[29]
Overfull \hbox (24.17735pt too wide) in paragraph at lines 1671--1675
[][]\T1/lmr/m/n/7 Black, C.E., 2016. A com-pre-hen-sive re-view of the phe-nol-
ogy of Py-goscelis pen-guins. Po-lar Bi-ol-ogy 39, 405--432. doi:[]10.1007/s003
00-
 []

[30] (./WattKrug.aux)
Package rerunfilecheck Info: File `WattKrug.out' has not changed.
(rerunfilecheck)             Checksum: 5690FDA369F5B190A8AF6E681D0478A2;2243.
 ) 
Here is how much of TeX's memory you used:
 13141 strings out of 480447
 196031 string characters out of 5896230
 772499 words of memory out of 5000000
 30483 multiletter control sequences out of 15000+600000
 460581 words of font info for 72 fonts, out of 8000000 for 9000
 14 hyphenation exceptions out of 8191
 72i,10n,80p,937b,425s stack positions out of 5000i,500n,10000p,200000b,80000s
{c:/Users/Andy/AppData/Roaming/TinyTeX/texmf-dist/fonts/enc/dvips/lm/lm-ts1.e
nc}{c:/Users/Andy/AppData/Roaming/TinyTeX/texmf-dist/fonts/enc/dvips/lm/lm-ec.e
nc}{c:/Users/Andy/AppData/Roaming/TinyTeX/texmf-dist/fonts/enc/dvips/lm/lm-math
it.enc}{c:/Users/Andy/AppData/Roaming/TinyTeX/texmf-dist/fonts/enc/dvips/lm/lm-
rm.enc}{c:/Users/Andy/AppData/Roaming/TinyTeX/texmf-dist/fonts/enc/dvips/lm/lm-
mathex.enc}{c:/Users/Andy/AppData/Roaming/TinyTeX/texmf-dist/fonts/enc/dvips/lm
/lm-mathsy.enc}<c:/Users/Andy/AppData/Roaming/TinyTeX/texmf-dist/fonts/type1/pu
blic/lm/lmbx10.pfb><c:/Users/Andy/AppData/Roaming/TinyTeX/texmf-dist/fonts/type
1/public/lm/lmex10.pfb><c:/Users/Andy/AppData/Roaming/TinyTeX/texmf-dist/fonts/
type1/public/lm/lmmi10.pfb><c:/Users/Andy/AppData/Roaming/TinyTeX/texmf-dist/fo
nts/type1/public/lm/lmmi5.pfb><c:/Users/Andy/AppData/Roaming/TinyTeX/texmf-dist
/fonts/type1/public/lm/lmmi6.pfb><c:/Users/Andy/AppData/Roaming/TinyTeX/texmf-d
ist/fonts/type1/public/lm/lmmi7.pfb><c:/Users/Andy/AppData/Roaming/TinyTeX/texm
f-dist/fonts/type1/public/lm/lmr10.pfb><c:/Users/Andy/AppData/Roaming/TinyTeX/t
exmf-dist/fonts/type1/public/lm/lmr12.pfb><c:/Users/Andy/AppData/Roaming/TinyTe
X/texmf-dist/fonts/type1/public/lm/lmr5.pfb><c:/Users/Andy/AppData/Roaming/Tiny
TeX/texmf-dist/fonts/type1/public/lm/lmr7.pfb><c:/Users/Andy/AppData/Roaming/Ti
nyTeX/texmf-dist/fonts/type1/public/lm/lmr8.pfb><c:/Users/Andy/AppData/Roaming/
TinyTeX/texmf-dist/fonts/type1/public/lm/lmri10.pfb><c:/Users/Andy/AppData/Roam
ing/TinyTeX/texmf-dist/fonts/type1/public/lm/lmri7.pfb><c:/Users/Andy/AppData/R
oaming/TinyTeX/texmf-dist/fonts/type1/public/lm/lmri8.pfb><c:/Users/Andy/AppDat
a/Roaming/TinyTeX/texmf-dist/fonts/type1/public/lm/lmsy10.pfb><c:/Users/Andy/Ap
pData/Roaming/TinyTeX/texmf-dist/fonts/type1/public/lm/lmsy6.pfb><c:/Users/Andy
/AppData/Roaming/TinyTeX/texmf-dist/fonts/type1/public/lm/lmsy7.pfb><c:/Users/A
ndy/AppData/Roaming/TinyTeX/texmf-dist/fonts/type1/public/lm/lmtk10.pfb><c:/Use
rs/Andy/AppData/Roaming/TinyTeX/texmf-dist/fonts/type1/public/lm/lmtt8.pfb><c:/
Users/Andy/AppData/Roaming/TinyTeX/texmf-dist/fonts/type1/public/lm/lmtti10.pfb
><c:/Users/Andy/AppData/Roaming/TinyTeX/texmf-dist/fonts/type1/public/amsfonts/
symbols/msam10.pfb>
Output written on WattKrug.pdf (30 pages, 19577710 bytes).
PDF statistics:
 408 PDF objects out of 1000 (max. 8388607)
 310 compressed objects within 4 object streams
 90 named destinations out of 1000 (max. 500000)
 137 words of extra memory for PDF output out of 10000 (max. 10000000)

